c:\users\ez\sb3u\plugins\sb3utilityfbx\x64\release\vc141.pdb
c:\users\ez\sb3u\plugins\sb3utilityfbx\x64\release\sb3utilityfbximporter.obj
c:\users\ez\sb3u\plugins\sb3utilityfbx\x64\release\sb3utilityfbxexporter.obj
c:\users\ez\sb3u\plugins\sb3utilityfbx\x64\release\sb3utilityfbx.obj
c:\users\ez\sb3u\plugins\sb3utilityfbx\x64\release\importedfbxexporter.obj
c:\users\ez\sb3u\plugins\sb3utilityfbx\x64\release\assemblyinfo.obj
c:\users\ez\sb3u\plugins\sb3utilityfbx\x64\release\.netframework,version=v4.5.assemblyattributes.obj
c:\users\ez\sb3u\plugins\sb3utilityfbx\x64\release\.netframework,version=v4.5.assemblyattributes.asm
c:\users\ez\sb3u\x64\release\sb3utilityfbx.dll
c:\users\ez\sb3u\x64\release\sb3utility.dll
c:\users\ez\sb3u\x64\release\weifenluo.winformsui.docking.dll
c:\users\ez\sb3u\x64\release\dx11tutcore.dll
c:\users\ez\sb3u\x64\release\jolt.dll
c:\users\ez\sb3u\x64\release\jolt.pdb
c:\users\ez\sb3u\x64\release\jolt.xml
c:\users\ez\sb3u\plugins\sb3utilityfbx\x64\release\sb3utilityfbx.vcxprojresolveassemblyreference.cache
c:\users\ez\sb3u\plugins\sb3utilityfbx\x64\release\sb3utilityfbx.tlog\cl.command.1.tlog
c:\users\ez\sb3u\plugins\sb3utilityfbx\x64\release\sb3utilityfbx.tlog\cl.read.1.tlog
c:\users\ez\sb3u\plugins\sb3utilityfbx\x64\release\sb3utilityfbx.tlog\cl.write.1.tlog
c:\users\ez\sb3u\plugins\sb3utilityfbx\x64\release\sb3utilityfbx.tlog\link.command.1.tlog
c:\users\ez\sb3u\plugins\sb3utilityfbx\x64\release\sb3utilityfbx.tlog\link.read.1.tlog
c:\users\ez\sb3u\plugins\sb3utilityfbx\x64\release\sb3utilityfbx.tlog\link.write.1.tlog
c:\users\ez\sb3u\plugins\sb3utilityfbx\x64\release\sb3utilityfbx.tlog\sb3utilityfbx.write.1u.tlog
